STARTING WORKFLOW

Processing example_fd:

-> Creating decoy database with target:decoy ratio 1:10...

Running command:
DecoyDatabase -in ../workspaces-FLASHApp/default/flashtnt/input-files/fasta-file/uniprotkb_human_thioredoxin_AND_reviewe_2025_08_15.fasta -out ../workspaces-FLASHApp/default/FLASHTaggerOutput/example_fd_20250823-151911/database.fasta -method shuffle -shuffle_decoy_ratio 10 -enzyme no cleavage
Waiting for command to finish...

Process finished:
DecoyDatabase -in ../workspaces-FLASHApp/default/flashtnt/input-files/fasta-file/uniprotkb_human_thioredoxin_AND_reviewe_2025_08_15.fasta -out ../workspaces-FLASHApp/default/FLASHTaggerOutput/example_fd_20250823-151911/database.fasta -method shuffle -shuffle_decoy_ratio 10 -enzyme no cleavage
Total time to run command: 0.07 seconds

-> Running FLASHDeconv...

Running command:
FLASHDeconv -in ../workspaces-FLASHApp/default/flashtnt/input-files/mzML-files/example_fd.mzML -out ../workspaces-FLASHApp/default/FLASHTaggerOutput/example_fd_20250823-151911/out.tsv -out_spec1 ../workspaces-FLASHApp/default/FLASHTaggerOutput/example_fd_20250823-151911/spec1.tsv -out_spec2 ../workspaces-FLASHApp/default/FLASHTaggerOutput/example_fd_20250823-151911/spec2.tsv -out_spec3 ../workspaces-FLASHApp/default/FLASHTaggerOutput/example_fd_20250823-151911/spec3.tsv -out_spec4 ../workspaces-FLASHApp/default/FLASHTaggerOutput/example_fd_20250823-151911/spec4.tsv -out_mzml ../workspaces-FLASHApp/default/FLASHTaggerOutput/example_fd_20250823-151911/out_deconv.mzML -out_quant ../workspaces-FLASHApp/default/FLASHTaggerOutput/example_fd_20250823-151911/quant.tsv -out_annotated_mzml ../workspaces-FLASHApp/default/FLASHTaggerOutput/example_fd_20250823-151911/anno_annotated.mzML -out_msalign1 ../workspaces-FLASHApp/default/FLASHTaggerOutput/example_fd_20250823-151911/toppic_ms1.msalign -out_msalign2 ../workspaces-FLASHApp/default/FLASHTaggerOutput/example_fd_20250823-151911/toppic_ms2.msalign -out_feature1 ../workspaces-FLASHApp/default/FLASHTaggerOutput/example_fd_20250823-151911/toppic_ms1.feature -out_feature2 ../workspaces-FLASHApp/default/FLASHTaggerOutput/example_fd_20250823-151911/toppic_ms2.feature -SD:tol 10 10 -SD:max_charge 30 -threads 14 -ini ../workspaces-FLASHApp/default/flashtnt/ini/FLASHDeconv.ini
Waiting for command to finish...

Process finished:
FLASHDeconv -in ../workspaces-FLASHApp/default/flashtnt/input-files/mzML-files/example_fd.mzML -out ../workspaces-FLASHApp/default/FLASHTaggerOutput/example_fd_20250823-151911/out.tsv -out_spec1 ../workspaces-FLASHApp/default/FLASHTaggerOutput/example_fd_20250823-151911/spec1.tsv -out_spec2 ../workspaces-FLASHApp/default/FLASHTaggerOutput/example_fd_20250823-151911/spec2.tsv -out_spec3 ../workspaces-FLASHApp/default/FLASHTaggerOutput/example_fd_20250823-151911/spec3.tsv -out_spec4 ../workspaces-FLASHApp/default/FLASHTaggerOutput/example_fd_20250823-151911/spec4.tsv -out_mzml ../workspaces-FLASHApp/default/FLASHTaggerOutput/example_fd_20250823-151911/out_deconv.mzML -out_quant ../workspaces-FLASHApp/default/FLASHTaggerOutput/example_fd_20250823-151911/quant.tsv -out_annotated_mzml ../workspaces-FLASHApp/default/FLASHTaggerOutput/example_fd_20250823-151911/anno_annotated.mzML -out_msalign1 ../workspaces-FLASHApp/default/FLASHTaggerOutput/example_fd_20250823-151911/toppic_ms1.msalign -out_msalign2 ../workspaces-FLASHApp/default/FLASHTaggerOutput/example_fd_20250823-151911/toppic_ms2.msalign -out_feature1 ../workspaces-FLASHApp/default/FLASHTaggerOutput/example_fd_20250823-151911/toppic_ms1.feature -out_feature2 ../workspaces-FLASHApp/default/FLASHTaggerOutput/example_fd_20250823-151911/toppic_ms2.feature -SD:tol 10 10 -SD:max_charge 30 -threads 14 -ini ../workspaces-FLASHApp/default/flashtnt/ini/FLASHDeconv.ini
Total time to run command: 15.14 seconds

-> Running FLASHTnT...

Running command:
FLASHTnT -in ../workspaces-FLASHApp/default/FLASHTaggerOutput/example_fd_20250823-151911/out_deconv.mzML -fasta ../workspaces-FLASHApp/default/FLASHTaggerOutput/example_fd_20250823-151911/database.fasta -out_tag ../workspaces-FLASHApp/default/FLASHTaggerOutput/example_fd_20250823-151911/tags.tsv -out_pro ../workspaces-FLASHApp/default/FLASHTaggerOutput/example_fd_20250823-151911/protein.tsv -out_prsm ../workspaces-FLASHApp/default/FLASHTaggerOutput/example_fd_20250823-151911/prsms.tsv -ion_type b y -tag:min_length 4 -pro_fdr 0.01 -prsm_fdr 0.01 -threads 14 -ini ../workspaces-FLASHApp/default/flashtnt/ini/FLASHTnT.ini
Waiting for command to finish...

Process finished:
FLASHTnT -in ../workspaces-FLASHApp/default/FLASHTaggerOutput/example_fd_20250823-151911/out_deconv.mzML -fasta ../workspaces-FLASHApp/default/FLASHTaggerOutput/example_fd_20250823-151911/database.fasta -out_tag ../workspaces-FLASHApp/default/FLASHTaggerOutput/example_fd_20250823-151911/tags.tsv -out_pro ../workspaces-FLASHApp/default/FLASHTaggerOutput/example_fd_20250823-151911/protein.tsv -out_prsm ../workspaces-FLASHApp/default/FLASHTaggerOutput/example_fd_20250823-151911/prsms.tsv -ion_type b y -tag:min_length 4 -pro_fdr 0.01 -prsm_fdr 0.01 -threads 14 -ini ../workspaces-FLASHApp/default/flashtnt/ini/FLASHTnT.ini
Total time to run command: 6.11 seconds

-> Processing Results...

WORKFLOW FINISHED

