STARTING WORKFLOW

Processing example_spectrum_aqpz:

-> Running FLASHDeconv...

Running command:
FLASHDeconv -in ../workspaces-FLASHApp/demo_aqpz/flashtnt/input-files/mzML-files/example_spectrum_aqpz.mzML -out ../workspaces-FLASHApp/demo_aqpz/FLASHTaggerOutput/example_spectrum_aqpz_20250525-092909/out.tsv -out_spec1 ../workspaces-FLASHApp/demo_aqpz/FLASHTaggerOutput/example_spectrum_aqpz_20250525-092909/spec1.tsv -out_spec2 ../workspaces-FLASHApp/demo_aqpz/FLASHTaggerOutput/example_spectrum_aqpz_20250525-092909/spec2.tsv -out_spec3 ../workspaces-FLASHApp/demo_aqpz/FLASHTaggerOutput/example_spectrum_aqpz_20250525-092909/spec3.tsv -out_spec4 ../workspaces-FLASHApp/demo_aqpz/FLASHTaggerOutput/example_spectrum_aqpz_20250525-092909/spec4.tsv -out_mzml ../workspaces-FLASHApp/demo_aqpz/FLASHTaggerOutput/example_spectrum_aqpz_20250525-092909/out_deconv.mzML -out_quant ../workspaces-FLASHApp/demo_aqpz/FLASHTaggerOutput/example_spectrum_aqpz_20250525-092909/quant.tsv -out_annotated_mzml ../workspaces-FLASHApp/demo_aqpz/FLASHTaggerOutput/example_spectrum_aqpz_20250525-092909/anno_annotated.mzML -out_msalign1 ../workspaces-FLASHApp/demo_aqpz/FLASHTaggerOutput/example_spectrum_aqpz_20250525-092909/toppic_ms1.msalign -out_msalign2 ../workspaces-FLASHApp/demo_aqpz/FLASHTaggerOutput/example_spectrum_aqpz_20250525-092909/toppic_ms2.msalign -out_feature1 ../workspaces-FLASHApp/demo_aqpz/FLASHTaggerOutput/example_spectrum_aqpz_20250525-092909/toppic_ms1.feature -out_feature2 ../workspaces-FLASHApp/demo_aqpz/FLASHTaggerOutput/example_spectrum_aqpz_20250525-092909/toppic_ms2.feature -SD:tol 10.0 10.0 -threads 14 -ini ../workspaces-FLASHApp/demo_aqpz/flashtnt/ini/FLASHDeconv.ini
Waiting for command to finish...

Process finished:
FLASHDeconv -in ../workspaces-FLASHApp/demo_aqpz/flashtnt/input-files/mzML-files/example_spectrum_aqpz.mzML -out ../workspaces-FLASHApp/demo_aqpz/FLASHTaggerOutput/example_spectrum_aqpz_20250525-092909/out.tsv -out_spec1 ../workspaces-FLASHApp/demo_aqpz/FLASHTaggerOutput/example_spectrum_aqpz_20250525-092909/spec1.tsv -out_spec2 ../workspaces-FLASHApp/demo_aqpz/FLASHTaggerOutput/example_spectrum_aqpz_20250525-092909/spec2.tsv -out_spec3 ../workspaces-FLASHApp/demo_aqpz/FLASHTaggerOutput/example_spectrum_aqpz_20250525-092909/spec3.tsv -out_spec4 ../workspaces-FLASHApp/demo_aqpz/FLASHTaggerOutput/example_spectrum_aqpz_20250525-092909/spec4.tsv -out_mzml ../workspaces-FLASHApp/demo_aqpz/FLASHTaggerOutput/example_spectrum_aqpz_20250525-092909/out_deconv.mzML -out_quant ../workspaces-FLASHApp/demo_aqpz/FLASHTaggerOutput/example_spectrum_aqpz_20250525-092909/quant.tsv -out_annotated_mzml ../workspaces-FLASHApp/demo_aqpz/FLASHTaggerOutput/example_spectrum_aqpz_20250525-092909/anno_annotated.mzML -out_msalign1 ../workspaces-FLASHApp/demo_aqpz/FLASHTaggerOutput/example_spectrum_aqpz_20250525-092909/toppic_ms1.msalign -out_msalign2 ../workspaces-FLASHApp/demo_aqpz/FLASHTaggerOutput/example_spectrum_aqpz_20250525-092909/toppic_ms2.msalign -out_feature1 ../workspaces-FLASHApp/demo_aqpz/FLASHTaggerOutput/example_spectrum_aqpz_20250525-092909/toppic_ms1.feature -out_feature2 ../workspaces-FLASHApp/demo_aqpz/FLASHTaggerOutput/example_spectrum_aqpz_20250525-092909/toppic_ms2.feature -SD:tol 10.0 10.0 -threads 14 -ini ../workspaces-FLASHApp/demo_aqpz/flashtnt/ini/FLASHDeconv.ini
Total time to run command: 3.68 seconds

Initializing ... 
Progress of 'loading mzML':
  Progress of 'loading spectra list':
  -- done [took 0.00 s (CPU), 0.00 s (Wall)] -- 
  Progress of 'loading chromatogram list':
  -- done [took 0.00 s (CPU), 0.00 s (Wall)] -- 
-- done [took 0.00 s (CPU), 0.00 s (Wall) @ 63.13 MiB/s] -- 
Processing : ../workspaces-FLASHApp/demo_aqpz/flashtnt/input-files/mzML-files/example_spectrum_aqpz.mzML
Filtering low peaks in spectra ... Done
Calculating Averagines ... Done
Progress of 'running FLASHDeconv':
-- done [took 0.29 s (CPU), 0.13 s (Wall)] -- 
So far, FLASHDeconv found 142 masses in 1 MS2 spectra out of 1
FLASHDeconv run complete. Now writing the results in output files ...
writing spectrum tsv for MS level 2 ...
1 spectra and 1 chromatograms stored.
writing quantification tsv ...
<1 spectra and 1 chromatograms stored.> occurred 2 times
writing topfd *.feature for MS level 2 ...
writing topfd *.msalign for MS level 2 ...
FLASHDeconv took 3.66 s (wall), 3.81 s (CPU), 0.03 s (system), 3.78 s (user); Peak Memory Usage: 533 MB.


-> Running FLASHTnT...

Running command:
FLASHTnT -in ../workspaces-FLASHApp/demo_aqpz/FLASHTaggerOutput/example_spectrum_aqpz_20250525-092909/out_deconv.mzML -fasta ../workspaces-FLASHApp/demo_aqpz/FLASHTaggerOutput/example_spectrum_aqpz_20250525-092909/database.fasta -out_tag ../workspaces-FLASHApp/demo_aqpz/FLASHTaggerOutput/example_spectrum_aqpz_20250525-092909/tags.tsv -out_pro ../workspaces-FLASHApp/demo_aqpz/FLASHTaggerOutput/example_spectrum_aqpz_20250525-092909/protein.tsv -out_prsm ../workspaces-FLASHApp/demo_aqpz/FLASHTaggerOutput/example_spectrum_aqpz_20250525-092909/prsms.tsv -ion_type b c y z -threads 14 -ini ../workspaces-FLASHApp/demo_aqpz/flashtnt/ini/FLASHTnT.ini
Waiting for command to finish...

Process finished:
FLASHTnT -in ../workspaces-FLASHApp/demo_aqpz/FLASHTaggerOutput/example_spectrum_aqpz_20250525-092909/out_deconv.mzML -fasta ../workspaces-FLASHApp/demo_aqpz/FLASHTaggerOutput/example_spectrum_aqpz_20250525-092909/database.fasta -out_tag ../workspaces-FLASHApp/demo_aqpz/FLASHTaggerOutput/example_spectrum_aqpz_20250525-092909/tags.tsv -out_pro ../workspaces-FLASHApp/demo_aqpz/FLASHTaggerOutput/example_spectrum_aqpz_20250525-092909/protein.tsv -out_prsm ../workspaces-FLASHApp/demo_aqpz/FLASHTaggerOutput/example_spectrum_aqpz_20250525-092909/prsms.tsv -ion_type b c y z -threads 14 -ini ../workspaces-FLASHApp/demo_aqpz/flashtnt/ini/FLASHTnT.ini
Total time to run command: 2.36 seconds

Initializing ... 
Progress of 'loading mzML':
  Progress of 'loading spectra list':
  -- done [took 0.00 s (CPU), 0.00 s (Wall)] -- 
  Progress of 'loading chromatogram list':
  -- done [took 0.00 s (CPU), 0.00 s (Wall)] -- 
-- done [took 0.00 s (CPU), 0.00 s (Wall) @ 15.31 MiB/s] -- 
Finding sequence tags from deconvolved spectra ...
Processing : ../workspaces-FLASHApp/demo_aqpz/FLASHTaggerOutput/example_spectrum_aqpz_20250525-092909/out_deconv.mzML
Progress of 'Running FLASHTnT ...':
  100.00 %               -- done [took 8.83 s (CPU), 2.19 s (Wall)] -- 
FLASHTnT run complete. Now writing the results in output files ...
FLASHTnT took 2.26 s (wall), 8.89 s (CPU), 1.24 s (system), 7.65 s (user); Peak Memory Usage: 1748 MB.


-> Processing Results...

WORKFLOW FINISHED

