STARTING WORKFLOW

Processing example_spectrum_antibody:

-> Running FLASHDeconv...

Running command:
FLASHDeconv -in ../workspaces-FLASHApp/demo_antibody/flashdeconv/input-files/mzML-files/example_spectrum_antibody.mzML -out ../workspaces-FLASHApp/demo_antibody/FLASHDeconvOutput/example_spectrum_antibody_20250525-100610/out.tsv -out_spec1 ../workspaces-FLASHApp/demo_antibody/FLASHDeconvOutput/example_spectrum_antibody_20250525-100610/spec1.tsv -out_spec2 ../workspaces-FLASHApp/demo_antibody/FLASHDeconvOutput/example_spectrum_antibody_20250525-100610/spec2.tsv -out_spec3 ../workspaces-FLASHApp/demo_antibody/FLASHDeconvOutput/example_spectrum_antibody_20250525-100610/spec3.tsv -out_spec4 ../workspaces-FLASHApp/demo_antibody/FLASHDeconvOutput/example_spectrum_antibody_20250525-100610/spec4.tsv -out_mzml ../workspaces-FLASHApp/demo_antibody/FLASHDeconvOutput/example_spectrum_antibody_20250525-100610/out_deconv.mzML -out_quant ../workspaces-FLASHApp/demo_antibody/FLASHDeconvOutput/example_spectrum_antibody_20250525-100610/quant.tsv -out_annotated_mzml ../workspaces-FLASHApp/demo_antibody/FLASHDeconvOutput/example_spectrum_antibody_20250525-100610/anno_annotated.mzML -out_msalign1 ../workspaces-FLASHApp/demo_antibody/FLASHDeconvOutput/example_spectrum_antibody_20250525-100610/toppic_ms1.msalign -out_msalign2 ../workspaces-FLASHApp/demo_antibody/FLASHDeconvOutput/example_spectrum_antibody_20250525-100610/toppic_ms2.msalign -out_feature1 ../workspaces-FLASHApp/demo_antibody/FLASHDeconvOutput/example_spectrum_antibody_20250525-100610/toppic_ms1.feature -out_feature2 ../workspaces-FLASHApp/demo_antibody/FLASHDeconvOutput/example_spectrum_antibody_20250525-100610/toppic_ms2.feature -SD:tol 5 5 -SD:max_charge 30 -FD:report_FDR -threads 14 -ini ../workspaces-FLASHApp/demo_antibody/flashdeconv/ini/FLASHDeconv.ini
Waiting for command to finish...

Process finished:
FLASHDeconv -in ../workspaces-FLASHApp/demo_antibody/flashdeconv/input-files/mzML-files/example_spectrum_antibody.mzML -out ../workspaces-FLASHApp/demo_antibody/FLASHDeconvOutput/example_spectrum_antibody_20250525-100610/out.tsv -out_spec1 ../workspaces-FLASHApp/demo_antibody/FLASHDeconvOutput/example_spectrum_antibody_20250525-100610/spec1.tsv -out_spec2 ../workspaces-FLASHApp/demo_antibody/FLASHDeconvOutput/example_spectrum_antibody_20250525-100610/spec2.tsv -out_spec3 ../workspaces-FLASHApp/demo_antibody/FLASHDeconvOutput/example_spectrum_antibody_20250525-100610/spec3.tsv -out_spec4 ../workspaces-FLASHApp/demo_antibody/FLASHDeconvOutput/example_spectrum_antibody_20250525-100610/spec4.tsv -out_mzml ../workspaces-FLASHApp/demo_antibody/FLASHDeconvOutput/example_spectrum_antibody_20250525-100610/out_deconv.mzML -out_quant ../workspaces-FLASHApp/demo_antibody/FLASHDeconvOutput/example_spectrum_antibody_20250525-100610/quant.tsv -out_annotated_mzml ../workspaces-FLASHApp/demo_antibody/FLASHDeconvOutput/example_spectrum_antibody_20250525-100610/anno_annotated.mzML -out_msalign1 ../workspaces-FLASHApp/demo_antibody/FLASHDeconvOutput/example_spectrum_antibody_20250525-100610/toppic_ms1.msalign -out_msalign2 ../workspaces-FLASHApp/demo_antibody/FLASHDeconvOutput/example_spectrum_antibody_20250525-100610/toppic_ms2.msalign -out_feature1 ../workspaces-FLASHApp/demo_antibody/FLASHDeconvOutput/example_spectrum_antibody_20250525-100610/toppic_ms1.feature -out_feature2 ../workspaces-FLASHApp/demo_antibody/FLASHDeconvOutput/example_spectrum_antibody_20250525-100610/toppic_ms2.feature -SD:tol 5 5 -SD:max_charge 30 -FD:report_FDR -threads 14 -ini ../workspaces-FLASHApp/demo_antibody/flashdeconv/ini/FLASHDeconv.ini
Total time to run command: 12.37 seconds

Initializing ... 
Progress of 'loading mzML':
  Progress of 'loading spectra list':
  -- done [took 0.01 s (CPU), 0.00 s (Wall)] -- 
  Progress of 'loading chromatogram list':
  -- done [took 0.00 s (CPU), 0.00 s (Wall)] -- 
-- done [took 0.03 s (CPU), 0.02 s (Wall) @ 76.42 MiB/s] -- 
Processing : ../workspaces-FLASHApp/demo_antibody/flashdeconv/input-files/mzML-files/example_spectrum_antibody.mzML
Filtering low peaks in spectra ... Done
Calculating Averagines ... Done
Progress of 'running FLASHDeconv':
-- done [took 12.48 s (CPU), 5.41 s (Wall)] -- 
So far, FLASHDeconv found 1117 masses in 1 MS2 spectra out of 1
FLASHDeconv run complete. Now writing the results in output files ...
writing spectrum tsv for MS level 2 ...
1 spectra and 1 chromatograms stored.
writing quantification tsv ...
<1 spectra and 1 chromatograms stored.> occurred 2 times
writing topfd *.feature for MS level 2 ...
writing topfd *.msalign for MS level 2 ...
FLASHDeconv took 12.31 s (wall), 19.37 s (CPU), 0.55 s (system), 18.82 s (user); Peak Memory Usage: 1106 MB.


-> Processing Results...

WORKFLOW FINISHED

